<?xml version="1.0" encoding="UTF-8"?>
<!-- Generated by org.testng.reporters.JUnitXMLReporter -->
<testsuite ignored="0" hostname="LAPTOP-T9M4KOS1" failures="1" tests="2" name="Regression" time="5.334" errors="0" timestamp="2023-04-14T11:51:32 BDT">
  <testcase classname="api.test.DemoUserTests" name="testPostUser" time="2.865">
    <failure type="java.lang.AssertionError" message="expected [201] but found [200]">
      <![CDATA[java.lang.AssertionError: expected [201] but found [200]
at api.test.DemoUserTests.testPostUser(DemoUserTests.java:50)
at java.base/java.util.ArrayList.forEach(ArrayList.java:1541)
... Removed 34 stack frames]]>
    </failure>
  </testcase> <!-- testPostUser -->
  <testcase classname="api.test.DemoUserTests" name="testGetUserByName" time="1.844"/>
</testsuite> <!-- Regression -->
