<?xml version="1.0" encoding="UTF-8"?>
<!-- Generated by org.testng.reporters.JUnitXMLReporter -->
<testsuite ignored="0" hostname="LAPTOP-OL97P8DL" failures="0" tests="3" name="Regression" time="4.982" errors="0" timestamp="2023-05-03T17:51:06 BDT">
  <testcase classname="api.test.signup.SignupTest" name="TC01_SignupWithEmailTest" time="2.895"/>
  <testcase classname="api.test.signup.SignupTest" name="TC02_SignupWithPhoneTest" time="0.406"/>
  <testcase classname="api.test.signup.SignupTest" name="TC03_SignupWithSocialTest" time="0.677"/>
</testsuite> <!-- Regression -->
