<?xml version="1.0" encoding="UTF-8"?>
<!-- Generated by org.testng.reporters.JUnitXMLReporter -->
<testsuite ignored="2" hostname="EpicGamurMouv" failures="0" tests="1" name="Default test" time="3.515" errors="0" timestamp="2023-06-06T16:44:09 BDT">
  <testcase classname="api.test.video.VideoTest" name="TC00_getVideoId" time="3.01"/>
  <testcase classname="api.test.video.VideoTest" name="TC40_showCommentsForVideoTest" time="0.0">
    <ignored/>
  </testcase> <!-- TC40_showCommentsForVideoTest -->
  <testcase classname="api.test.video.VideoTest" name="TC41_singleVideoTest" time="0.0">
    <ignored/>
  </testcase> <!-- TC41_singleVideoTest -->
</testsuite> <!-- Default test -->
