<?xml version="1.0" encoding="UTF-8"?>
<!-- Generated by org.testng.reporters.JUnitXMLReporter -->
<testsuite ignored="0" hostname="EpicGamurMouv" failures="1" tests="71" name="Regression" time="39.496" errors="0" timestamp="2023-06-07T11:14:44 BDT">
  <testcase classname="api.test.signin.SigninTest" name="TC01_SigninWithEmailTest" time="2.423"/>
  <testcase classname="api.test.signin.SigninTest" name="TC02_SigninWithPhoneTest" time="0.588">
    <failure type="java.lang.NullPointerException" message="Cannot invoke &amp;quot;Object.toString()&amp;quot; because &amp;quot;dataObject&amp;quot; is null">
      <![CDATA[java.lang.NullPointerException: Cannot invoke "Object.toString()" because "dataObject" is null
at api.test.signin.SigninTest.TC02_SigninWithPhoneTest(SigninTest.java:98)
at java.base/java.util.ArrayList.forEach(ArrayList.java:1511)
... Removed 27 stack frames]]>
    </failure>
  </testcase> <!-- TC02_SigninWithPhoneTest -->
  <testcase classname="api.test.signin.SigninTest" name="TC03_SigninWithSocialTest" time="0.194"/>
  <testcase classname="api.test.admin.AdminSearchProductTest" name="TC00_adminLiveApiTokenGenerator" time="0.483"/>
  <testcase classname="api.test.admin.AdminSearchProductTest" name="TC07_AdminLoginSearchProductTest" time="0.287"/>
  <testcase classname="api.test.mobile.homepage.HomepageIntegrationsTest" name="TC08_homepagePerticularTypeContestsTest" time="0.281"/>
  <testcase classname="api.test.mobile.homepage.HomepageIntegrationsTest" name="TC09_homepageBrandsTest" time="0.3"/>
  <testcase classname="api.test.mobile.homepage.HomepageIntegrationsTest" name="TC10_homepageOffersTest" time="0.206"/>
  <testcase classname="api.test.mobile.homepage.HomepageIntegrationsTest" name="TC11_homepageTopSellingFromTrafficTest" time="0.254"/>
  <testcase classname="api.test.mobile.homepage.HomepageIntegrationsTest" name="TC12_homepageTrendingVideosTrendingTagTest" time="0.273"/>
  <testcase classname="api.test.mobile.homepage.HomepageIntegrationsTest" name="TC13_homepageTalentVideosByHashTagTest" time="2.184"/>
  <testcase classname="api.test.mobile.homepage.HomepageIntegrationsTest" name="TC14_homepageBeautyVideosByHashTagTest" time="1.814"/>
  <testcase classname="api.test.mobile.homepage.HomepageIntegrationsTest" name="TC15_homepageTechVideosByHashTagTest" time="1.724"/>
  <testcase classname="api.test.mobile.homepage.HomepageIntegrationsTest" name="TC16_homepageFashionVideosByHashTagTest" time="1.903"/>
  <testcase classname="api.test.mobile.homepage.HomepageIntegrationsTest" name="TC17_homepageFoodVideosByHashTagTest" time="1.72"/>
  <testcase classname="api.test.mobile.homepage.HomepageIntegrationsTest" name="TC18_homepageSportsVideosByHashTagTest" time="1.733"/>
  <testcase classname="api.test.mobile.homepage.HomepageIntegrationsTest" name="TC19_homepageSmartphoneVideosByHashTagTest" time="1.741"/>
  <testcase classname="api.test.mobile.homepage.HomepageIntegrationsTest" name="TC20_homepageTravelVideosByHashTagTest" time="1.71"/>
  <testcase classname="api.test.mobile.homepage.HomepageIntegrationsTest" name="TC21_homepageDecorVideosByHashTagTest" time="1.653"/>
  <testcase classname="api.test.mobile.homepage.HomepageIntegrationsTest" name="TC22_homepageHomeapplianceVideosByHashTagTest" time="1.723"/>
  <testcase classname="api.test.mobile.homepage.HomepageIntegrationsTest" name="TC23_homepageTrendingVideosNewTagTest" time="0.251"/>
  <testcase classname="api.test.fshop.FShopIntegrationsTest" name="TC00_signUpTokenGenerationTest" time="0.61"/>
  <testcase classname="api.test.fshop.FShopIntegrationsTest" name="TC00_adminSignInTokenGenerationTest" time="0.461"/>
  <testcase classname="api.test.fshop.FShopIntegrationsTest" name="TC43_fshopcartProductsTest" time="0.162"/>
  <testcase classname="api.test.fshop.FShopIntegrationsTest" name="TC44_fshopDashboardShippingAddressesTest" time="0.158"/>
  <testcase classname="api.test.fshop.FShopIntegrationsTest" name="TC45_fshopDashboardReviewByUserTest" time="0.16"/>
  <testcase classname="api.test.fshop.FShopIntegrationsTest" name="TC46_fshopDashboardSupportTicketsTest" time="0.155"/>
  <testcase classname="api.test.fshop.FShopIntegrationsTest" name="TC47_fshopHomeParentCategoriesTest" time="0.172"/>
  <testcase classname="api.test.fshop.FShopIntegrationsTest" name="TC48_fshopHomeFlashSalesTest" time="0.17"/>
  <testcase classname="api.test.fshop.FShopIntegrationsTest" name="TC49_fshopHomePromotionalOffersTest" time="0.137"/>
  <testcase classname="api.test.fshop.FShopIntegrationsTest" name="TC50_fshopHomeTopSellingBrandsTest" time="3.114"/>
  <testcase classname="api.test.fshop.FShopIntegrationsTest" name="TC00_getCategoryId" time="0.798"/>
  <testcase classname="api.test.fshop.FShopIntegrationsTest" name="TC51_fshopHomeProductsByCategoryTest" time="0.15"/>
  <testcase classname="api.test.fshop.FShopIntegrationsTest" name="TC52_fshopHomeMainBannersTest" time="0.166"/>
  <testcase classname="api.test.fshop.FShopIntegrationsTest" name="TC53_fshopHomeOfferBannersTest" time="0.163"/>
  <testcase classname="api.test.fshop.FShopIntegrationsTest" name="TC00_getParentId" time="0.161"/>
  <testcase classname="api.test.fshop.FShopIntegrationsTest" name="TC54_fshopHomeCategoryChildrensTest" time="0.199"/>
  <testcase classname="api.test.fshop.FShopIntegrationsTest" name="TC55_fshopHomeFilterHotdealsTest" time="0.456"/>
  <testcase classname="api.test.fshop.FShopIntegrationsTest" name="TC00_getBannerId" time="0.158"/>
  <testcase classname="api.test.fshop.FShopIntegrationsTest" name="TC56_fshopHomeBannerProductsTest" time="0.171"/>
  <testcase classname="api.test.fshop.FShopIntegrationsTest" name="TC57_fshopOrdersByUserTest" time="0.156"/>
  <testcase classname="api.test.fshop.FShopIntegrationsTest" name="TC00_getadminProductSearchId" time="0.256"/>
  <testcase classname="api.test.fshop.FShopIntegrationsTest" name="TC58_fshopIdBasedProductCheckingstockQtyTest" time="0.175"/>
  <testcase classname="api.test.fshop.FShopIntegrationsTest" name="TC59_fshopProductFaqsByIdTest" time="0.14"/>
  <testcase classname="api.test.fshop.FShopIntegrationsTest" name="TC60_fshopProductReviewByIdTest" time="0.143"/>
  <testcase classname="api.test.fshop.FShopIntegrationsTest" name="TC61_fshopSearchProductByQueryTest" time="0.171"/>
  <testcase classname="api.test.fshop.FShopIntegrationsTest" name="TC62_fshopWishlistProductsTest" time="0.148"/>
  <testcase classname="api.test.show.all.contests.ShowAllContestsTest" name="TC00_adminLiveApiTokenGenerator" time="0.378"/>
  <testcase classname="api.test.show.all.contests.ShowAllContestsTest" name="TC00_getUserListId" time="0.166"/>
  <testcase classname="api.test.show.all.contests.ShowAllContestsTest" name="TC24_showAllMyParticipationContestsTest" time="0.173"/>
  <testcase classname="api.test.show.all.contests.ShowAllContestsTest" name="TC25_showAllperticularTypeContestsCustomTest" time="0.24"/>
  <testcase classname="api.test.show.all.brands.ShowAllBrandsTest" name="TC26_showAllBrandsTest" time="0.225"/>
  <testcase classname="api.test.show.all.brands.ShowAllBrandsTest" name="TC27_brandTest" time="0.158"/>
  <testcase classname="api.test.show.all.brands.ShowAllBrandsTest" name="TC00_adminLiveApiTokenGenerator" time="0.383"/>
  <testcase classname="api.test.show.all.brands.ShowAllBrandsTest" name="TC28_followBrandTest" time="0.189"/>
  <testcase classname="api.test.show.all.brands.ShowAllBrandsTest" name="TC29_unfollowBrandTest" time="0.189"/>
  <testcase classname="api.test.show.all.brands.ShowAllBrandsTest" name="TC30_brandContestsTest" time="0.167"/>
  <testcase classname="api.test.contest.detail.ContestDetailTest" name="TC00_getContestDetailsId" time="0.234"/>
  <testcase classname="api.test.contest.detail.ContestDetailTest" name="TC31_contestDetailsTest" time="0.167"/>
  <testcase classname="api.test.contest.detail.ContestDetailTest" name="TC32_detailPageContestVideosTest" time="0.23"/>
  <testcase classname="api.test.playlist.PlaylistTest" name="TC33_topUsersTest" time="0.589"/>
  <testcase classname="api.test.playlist.PlaylistTest" name="TC35_listVideoTypesTest" time="0.139"/>
  <testcase classname="api.test.search.SearchTest" name="TC36_searchUserTest" time="0.174"/>
  <testcase classname="api.test.search.SearchTest" name="TC37_searchVideoHashtagTest" time="0.173"/>
  <testcase classname="api.test.search.SearchTest" name="TC38_searchVideoTest" time="0.153"/>
  <testcase classname="api.test.search.SearchTest" name="TC39_searchContestTest" time="0.143"/>
  <testcase classname="api.test.video.VideoTest" name="TC00_getVideoId" time="0.18"/>
  <testcase classname="api.test.video.VideoTest" name="TC40_showCommentsForVideoTest" time="0.814"/>
  <testcase classname="api.test.video.VideoTest" name="TC41_singleVideoTest" time="0.143"/>
  <testcase classname="api.test.notification.NotificationTest" name="TC00_adminLiveApiTokenGenerator" time="0.375"/>
  <testcase classname="api.test.notification.NotificationTest" name="TC42_showNotificationListTest" time="0.163"/>
</testsuite> <!-- Regression -->
